[21:28:45] [ServerMain/INFO]: Environment: Environment[sessionHost=https://sessionserver.mojang.com, servicesHost=https://api.minecraftservices.com, name=PROD]
[21:28:48] [ServerMain/INFO]: Loaded 1370 recipes
[21:28:48] [ServerMain/INFO]: Loaded 1481 advancements
[21:28:48] [Server thread/INFO]: Starting minecraft server version 1.21.4
[21:28:48] [Server thread/INFO]: Loading properties
[21:28:48] [Server thread/INFO]: Default game type: SURVIVAL
[21:28:48] [Server thread/INFO]: Generating keypair
[21:28:48] [Server thread/INFO]: Starting Minecraft server on *:54305
[21:28:48] [Server thread/INFO]: Using default channel type
[21:28:48] [Server thread/WARN]: **** SERVER IS RUNNING IN OFFLINE/INSECURE MODE!
[21:28:48] [Server thread/WARN]: The server will make no attempt to authenticate usernames. Beware.
[21:28:48] [Server thread/WARN]: While this makes the game possible to play without internet access, it also opens up the ability for hackers to connect with any username they choose.
[21:28:48] [Server thread/WARN]: To change this, set "online-mode" to "true" in the server.properties file.
[21:28:48] [Server thread/INFO]: Preparing level "world"
[21:28:48] [Server thread/INFO]: Preparing start region for dimension minecraft:overworld
[21:28:49] [Worker-Main-13/INFO]: Preparing spawn area: 0%
[21:28:49] [Worker-Main-13/INFO]: Preparing spawn area: 0%
[21:28:49] [Server thread/INFO]: Time elapsed: 755 ms
[21:28:49] [Server thread/INFO]: Done (1.052s)! For help, type "help"
[21:28:49] [Server thread/INFO]: Starting GS4 status listener
[21:28:49] [Server thread/INFO]: Thread Query Listener started
[21:28:49] [Query Listener #1/INFO]: Query running on 0.0.0.0:54305
[21:29:18] [Server thread/INFO]: Arun[/127.251.174.137:51408] logged in with entity id 9 at (160.7373287872145, 64.0, 117.41631929624151)
[21:29:18] [Server thread/INFO]: Arun joined the game
[21:29:32] [Server thread/INFO]: BadaDon69[/127.252.111.255:51438] logged in with entity id 280 at (4.690226531706722, 77.0, -110.78538865680869)
[21:29:32] [Server thread/INFO]: BadaDon69 joined the game
[21:30:16] [Server thread/INFO]: BadaDon69 lost connection: Disconnected
[21:30:16] [Server thread/INFO]: BadaDon69 left the game
[21:30:25] [Server thread/INFO]: [Not Secure] <Arun> sax
[21:30:29] [Server thread/INFO]: BadaDon69[/127.252.111.255:51459] logged in with entity id 687 at (16.110513634483244, 86.0, -83.20459221962598)
[21:30:29] [Server thread/INFO]: BadaDon69 joined the game
[21:31:31] [Server thread/INFO]: harman9899[/127.111.7.39:51520] logged in with entity id 1106 at (155.0974830278736, 59.0, 106.31652598082263)
[21:31:31] [Server thread/INFO]: harman9899 joined the game
[21:35:04] [Server thread/INFO]: Teleported BadaDon69 to 160.500000, 70.000000, 160.500000
[21:35:51] [Server thread/INFO]: Teleported harman9899 to 160.500000, 100.000000, 160.500000
[21:35:53] [Server thread/INFO]: harman9899 fell from a high place
[21:41:03] [Server thread/INFO]: harman9899 was slain by Arun
[21:41:48] [Server thread/INFO]: [Not Secure] <Arun> server fix kar ra
[21:41:52] [Server thread/INFO]: [Not Secure] <Arun> aaya
[21:41:59] [Server thread/INFO]: [Not Secure] <Arun> no
[21:42:13] [Server thread/INFO]: [Not Secure] <Arun> script laga raha band nahi hoga
[21:42:24] [Server thread/INFO]: [Not Secure] <Arun> sojao bkl
[21:42:33] [Server thread/INFO]: [Not Secure] <Arun> sojao BKLLL
[21:42:44] [Server thread/INFO]: [Not Secure] <Arun> >_<
[21:46:23] [Server thread/INFO]: Arun lost connection: Disconnected
[21:46:23] [Server thread/INFO]: Arun left the game
[21:46:23] [Server thread/INFO]: BadaDon69 lost connection: Disconnected
[21:46:23] [Server thread/INFO]: BadaDon69 left the game
[21:46:23] [Server thread/INFO]: harman9899 lost connection: Disconnected
[21:46:23] [Server thread/INFO]: harman9899 left the game
[21:46:55] [Server thread/INFO]: harman9899[/127.111.7.39:51842] logged in with entity id 5623 at (175.21475431062072, 64.0, 116.90273942916143)
[21:46:55] [Server thread/INFO]: harman9899 joined the game
[21:47:12] [Server thread/INFO]: Arun[/127.181.213.223:51860] logged in with entity id 5889 at (-29.909275880226463, 62.11076431274414, 306.06991067403555)
[21:47:12] [Server thread/INFO]: Arun joined the game
[21:48:15] [Server thread/INFO]: BadaDon69[/127.31.87.114:51879] logged in with entity id 6321 at (-29.909275880226463, 62.11076431274414, 306.06991067403555)
[21:48:15] [Server thread/INFO]: BadaDon69 joined the game
[21:48:38] [Server thread/WARN]: Birch Boat (vehicle of BadaDon69) moved wrongly! 0.2996480486971791
[21:48:38] [Server thread/WARN]: Birch Boat (vehicle of BadaDon69) moved wrongly! 0.3954993282534929
[21:48:38] [Server thread/WARN]: Birch Boat (vehicle of BadaDon69) moved wrongly! 0.4817654775688993
[21:48:38] [Server thread/WARN]: Birch Boat (vehicle of BadaDon69) moved wrongly! 0.563100738386197
[21:48:38] [Server thread/WARN]: Birch Boat (vehicle of BadaDon69) moved wrongly! 0.6595889358604268
[21:48:38] [Server thread/WARN]: Birch Boat (vehicle of BadaDon69) moved wrongly! 0.7178425338579473
[21:48:38] [Server thread/WARN]: Birch Boat (vehicle of BadaDon69) moved wrongly! 0.7452480090259996
[21:48:38] [Server thread/WARN]: Birch Boat (vehicle of BadaDon69) moved wrongly! 0.8079579982279483
[21:53:37] [Server thread/INFO]: [Not Secure] <Arun> SOJAO
[21:53:40] [Server thread/INFO]: [Not Secure] <Arun> ASAP!
[21:53:45] [Server thread/INFO]: [Not Secure] <Arun> ASPA!@
[21:53:47] [Server thread/INFO]: [Not Secure] <Arun> SEX
[21:53:48] [Server thread/INFO]: [Not Secure] <Arun> PORN
[21:53:50] [Server thread/INFO]: [Not Secure] <Arun> BUBUS
[21:53:53] [Server thread/INFO]: [Not Secure] <Arun> NUDES
[21:53:56] [Server thread/INFO]: [Not Secure] <harman9899> sike gamdu
[21:55:53] [Server thread/WARN]: Birch Boat (vehicle of BadaDon69) moved wrongly! 0.30842295261186337
[21:55:53] [Server thread/WARN]: Birch Boat (vehicle of BadaDon69) moved wrongly! 0.41032826658027943
[21:55:53] [Server thread/WARN]: Birch Boat (vehicle of BadaDon69) moved wrongly! 0.5068213005681059
[21:55:53] [Server thread/WARN]: Birch Boat (vehicle of BadaDon69) moved wrongly! 0.5985597697361413
[21:55:53] [Server thread/WARN]: Birch Boat (vehicle of BadaDon69) moved wrongly! 0.6860974116016791
[21:55:53] [Server thread/WARN]: Birch Boat (vehicle of BadaDon69) moved wrongly! 0.7698812270115809
[21:55:53] [Server thread/WARN]: Birch Boat (vehicle of BadaDon69) moved wrongly! 0.8502505090197587
[21:55:53] [Server thread/WARN]: Birch Boat (vehicle of BadaDon69) moved wrongly! 0.9274376401357927
[21:55:53] [Server thread/WARN]: Birch Boat (vehicle of BadaDon69) moved wrongly! 1.0015708475822294
[21:55:53] [Server thread/WARN]: Birch Boat (vehicle of BadaDon69) moved wrongly! 1.0726793778078445
[21:55:53] [Server thread/WARN]: Birch Boat (vehicle of BadaDon69) moved wrongly! 1.140701072314755
[21:55:53] [Server thread/WARN]: Birch Boat (vehicle of BadaDon69) moved wrongly! 1.2054925477438587
[21:55:53] [Server thread/WARN]: Birch Boat (vehicle of BadaDon69) moved wrongly! 1.2668411963903168
[21:55:53] [Server thread/WARN]: Birch Boat (vehicle of BadaDon69) moved wrongly! 1.3244797440876823
[21:55:53] [Server thread/WARN]: Birch Boat (vehicle of BadaDon69) moved wrongly! 1.2381028154219962
[21:55:53] [Server thread/WARN]: Birch Boat (vehicle of BadaDon69) moved wrongly! 1.2873845948192297
[21:57:30] [Server thread/INFO]: BadaDon69 has made the advancement [Best Friends Forever]
[22:06:32] [Server thread/INFO]: BadaDon69 lost connection: Timed out
[22:06:32] [Server thread/INFO]: BadaDon69 left the game
[22:06:46] [Server thread/INFO]: Arun lost connection: Disconnected
[22:06:46] [Server thread/INFO]: Arun left the game
[22:08:47] [Server thread/INFO]: Arun[/127.181.213.223:52237] logged in with entity id 18946 at (1013.8408281970502, 59.81913461400198, 1075.7302330106406)
[22:08:47] [Server thread/INFO]: Arun joined the game
[22:08:56] [Server thread/INFO]: Arun lost connection: Disconnected
[22:08:56] [Server thread/INFO]: Arun left the game
[22:09:33] [Server thread/INFO]: Arun[/127.181.213.223:52253] logged in with entity id 19758 at (1013.8408281970502, 61.864166077155815, 1075.7302330106406)
[22:09:33] [Server thread/INFO]: Arun joined the game
[22:09:57] [Server thread/INFO]: [Not Secure] <Arun> speed me
[22:21:08] [Server thread/INFO]: [Not Secure] <Arun> asap!
[22:29:01] [Server thread/INFO]: Arun was blown up by Creeper
[22:36:21] [Server thread/INFO]: harman9899 has made the advancement [The Parrots and the Bats]
[22:48:53] [Server thread/INFO]: BadaDon69[/127.252.111.255:52583] logged in with entity id 34188 at (1026.5168925510477, 62.11076431274413, 1072.466967980001)
[22:48:53] [Server thread/INFO]: BadaDon69 joined the game
[22:50:23] [Server thread/INFO]: BadaDon69 lost connection: Timed out
[22:50:23] [Server thread/INFO]: BadaDon69 left the game
[22:50:41] [Server thread/INFO]: Arun was slain by Zombie
[22:51:22] [Server thread/INFO]: BadaDon69[/127.31.87.114:52614] logged in with entity id 35480 at (1072.3904842731895, 68.0, 1107.554087663414)
[22:51:22] [Server thread/INFO]: BadaDon69 joined the game
[22:52:34] [Server thread/INFO]: Arun was slain by Zombie
[22:53:56] [Server thread/INFO]: Arun was slain by Zombie
[22:54:25] [Server thread/WARN]: Mismatch in destroy block pos: ji{x=1288, y=65, z=1255} ji{x=1288, y=63, z=1255}
[22:54:25] [Server thread/WARN]: Mismatch in destroy block pos: ji{x=1288, y=65, z=1255} ji{x=1288, y=63, z=1255}
[22:54:27] [Server thread/WARN]: Mismatch in destroy block pos: ji{x=1291, y=65, z=1249} ji{x=1291, y=63, z=1249}
[22:54:30] [Server thread/WARN]: Mismatch in destroy block pos: ji{x=1291, y=65, z=1255} ji{x=1292, y=63, z=1255}
[22:54:30] [Server thread/WARN]: Mismatch in destroy block pos: ji{x=1291, y=65, z=1255} ji{x=1292, y=63, z=1255}
[22:56:00] [Server thread/INFO]: Arun was slain by Spider
[22:58:16] [Server thread/INFO]: Incorrect argument for command
[22:58:16] [Server thread/INFO]: tp 1150/tp BadaDon69 1171 30 894<--[HERE]
[22:58:28] [Server thread/INFO]: Incorrect argument for command
[22:58:28] [Server thread/INFO]: tp @BadaDon69 1171 30 894<--[HERE]
[22:58:43] [Server thread/INFO]: Incorrect argument for command
[22:58:43] [Server thread/INFO]: tp BadaDon69@ 1171 30 894<--[HERE]
[22:59:11] [Server thread/INFO]: Incorrect argument for command
[22:59:11] [Server thread/INFO]: tp @BadaDon69 1171 30 894<--[HERE]
[22:59:13] [Server thread/INFO]: /advancement (grant|revoke)
[22:59:13] [Server thread/INFO]: /attribute <target> <attribute> (get|base|modifier)
[22:59:13] [Server thread/INFO]: /execute (run|if|unless|as|at|store|positioned|rotated|facing|align|anchored|in|summon|on)
[22:59:13] [Server thread/INFO]: /bossbar (add|remove|list|set|get)
[22:59:13] [Server thread/INFO]: /clear [<targets>]
[22:59:13] [Server thread/INFO]: /clone (<begin>|from)
[22:59:13] [Server thread/INFO]: /damage <target> <amount> [<damageType>]
[22:59:13] [Server thread/INFO]: /data (merge|get|remove|modify)
[22:59:13] [Server thread/INFO]: /datapack (enable|disable|list)
[22:59:13] [Server thread/INFO]: /debug (start|stop|function)
[22:59:13] [Server thread/INFO]: /defaultgamemode <gamemode>
[22:59:13] [Server thread/INFO]: /difficulty [peaceful|easy|normal|hard]
[22:59:13] [Server thread/INFO]: /effect (clear|give)
[22:59:13] [Server thread/INFO]: /me <action>
[22:59:13] [Server thread/INFO]: /enchant <targets> <enchantment> [<level>]
[22:59:13] [Server thread/INFO]: /experience (add|set|query)
[22:59:13] [Server thread/INFO]: /xp -> experience
[22:59:13] [Server thread/INFO]: /fill <from> <to> <block> [replace|keep|outline|hollow|destroy]
[22:59:13] [Server thread/INFO]: /fillbiome <from> <to> <biome> [replace]
[22:59:13] [Server thread/INFO]: /forceload (add|remove|query)
[22:59:13] [Server thread/INFO]: /function <name> [<arguments>|with]
[22:59:13] [Server thread/INFO]: /gamemode <gamemode> [<target>]
[22:59:13] [Server thread/INFO]: /gamerule (announceAdvancements|blockExplosionDropDecay|commandBlockOutput|commandModificationBlockLimit|disableElytraMovementCheck|disablePlayerMovementCheck|disableRaids|doDaylightCycle|doEntityDrops|doFireTick|doImmediateRespawn|doInsomnia|doLimitedCrafting|doMobLoot|doMobSpawning|doPatrolSpawning|doTileDrops|doTraderSpawning|doVinesSpread|doWardenSpawning|doWeatherCycle|drowningDamage|enderPearlsVanishOnDeath|fallDamage|fireDamage|forgiveDeadPlayers|freezeDamage|globalSoundEvents|keepInventory|lavaSourceConversion|logAdminCommands|maxCommandChainLength|maxCommandForkCount|maxEntityCramming|mobExplosionDropDecay|mobGriefing|naturalRegeneration|playersNetherPortalCreativeDelay|playersNetherPortalDefaultDelay|playersSleepingPercentage|projectilesCanBreakBlocks|randomTickSpeed|reducedDebugInfo|sendCommandFeedback|showDeathMessages|snowAccumulationHeight|spawnChunkRadius|spawnRadius|spectatorsGenerateChunks|tntExplosionDropDecay|universalAnger|waterSourceConversion)
[22:59:13] [Server thread/INFO]: /give <targets> <item> [<count>]
[22:59:13] [Server thread/INFO]: /help [<command>]
[22:59:13] [Server thread/INFO]: /item (replace|modify)
[22:59:13] [Server thread/INFO]: /kick <targets> [<reason>]
[22:59:13] [Server thread/INFO]: /kill [<targets>]
[22:59:13] [Server thread/INFO]: /list [uuids]
[22:59:13] [Server thread/INFO]: /locate (structure|biome|poi)
[22:59:13] [Server thread/INFO]: /loot (replace|insert|give|spawn)
[22:59:13] [Server thread/INFO]: /msg <targets> <message>
[22:59:13] [Server thread/INFO]: /tell -> msg
[22:59:13] [Server thread/INFO]: /w -> msg
[22:59:13] [Server thread/INFO]: /particle <name> [<pos>]
[22:59:13] [Server thread/INFO]: /place (feature|jigsaw|structure|template)
[22:59:13] [Server thread/INFO]: /playsound <sound> [master|music|record|weather|block|hostile|neutral|player|ambient|voice]
[22:59:13] [Server thread/INFO]: /random (value|roll|reset)
[22:59:13] [Server thread/INFO]: /reload
[22:59:13] [Server thread/INFO]: /recipe (give|take)
[22:59:13] [Server thread/INFO]: /return (<value>|fail|run)
[22:59:13] [Server thread/INFO]: /ride <target> (mount|dismount)
[22:59:13] [Server thread/INFO]: /rotate <target> (<rotation>|facing)
[22:59:13] [Server thread/INFO]: /say <message>
[22:59:13] [Server thread/INFO]: /schedule (function|clear)
[22:59:13] [Server thread/INFO]: /scoreboard (objectives|players)
[22:59:13] [Server thread/INFO]: /seed
[22:59:13] [Server thread/INFO]: /setblock <pos> <block> [destroy|keep|replace]
[22:59:13] [Server thread/INFO]: /spawnpoint [<targets>]
[22:59:13] [Server thread/INFO]: /setworldspawn [<pos>]
[22:59:13] [Server thread/INFO]: /spectate [<target>]
[22:59:13] [Server thread/INFO]: /spreadplayers <center> <spreadDistance> <maxRange> (<respectTeams>|under)
[22:59:13] [Server thread/INFO]: /stopsound <targets> [*|master|music|record|weather|block|hostile|neutral|player|ambient|voice]
[22:59:13] [Server thread/INFO]: /summon <entity> [<pos>]
[22:59:13] [Server thread/INFO]: /tag <targets> (add|remove|list)
[22:59:13] [Server thread/INFO]: /team (list|add|remove|empty|join|leave|modify)
[22:59:13] [Server thread/INFO]: /teammsg <message>
[22:59:13] [Server thread/INFO]: /tm -> teammsg
[22:59:13] [Server thread/INFO]: /teleport (<location>|<destination>|<targets>)
[22:59:13] [Server thread/INFO]: /tp -> teleport
[22:59:13] [Server thread/INFO]: /tellraw <targets> <message>
[22:59:13] [Server thread/INFO]: /tick (query|rate|step|sprint|unfreeze|freeze)
[22:59:13] [Server thread/INFO]: /time (set|add|query)
[22:59:13] [Server thread/INFO]: /title <targets> (clear|reset|title|subtitle|actionbar|times)
[22:59:13] [Server thread/INFO]: /trigger <objective> [add|set]
[22:59:13] [Server thread/INFO]: /weather (clear|rain|thunder)
[22:59:13] [Server thread/INFO]: /worldborder (add|set|center|damage|get|warning)
[22:59:13] [Server thread/INFO]: /jfr (start|stop)
[22:59:13] [Server thread/INFO]: /ban-ip <target> [<reason>]
[22:59:13] [Server thread/INFO]: /banlist [ips|players]
[22:59:13] [Server thread/INFO]: /ban <targets> [<reason>]
[22:59:13] [Server thread/INFO]: /deop <targets>
[22:59:13] [Server thread/INFO]: /op <targets>
[22:59:13] [Server thread/INFO]: /pardon <targets>
[22:59:13] [Server thread/INFO]: /pardon-ip <target>
[22:59:13] [Server thread/INFO]: /perf (start|stop)
[22:59:13] [Server thread/INFO]: /save-all [flush]
[22:59:13] [Server thread/INFO]: /save-off
[22:59:13] [Server thread/INFO]: /save-on
[22:59:13] [Server thread/INFO]: /setidletimeout <minutes>
[22:59:13] [Server thread/INFO]: /stop
[22:59:13] [Server thread/INFO]: /transfer <hostname> [<port>]
[22:59:13] [Server thread/INFO]: /whitelist (on|off|list|add|remove|reload)
[22:59:34] [Server thread/INFO]: Incorrect argument for command
[22:59:34] [Server thread/INFO]: tp @BadaDon69 /tp 1171 30 894<--[HERE]
[23:00:53] [Server thread/INFO]: Teleported BadaDon69 to 1171.500000, 30.000000, 894.500000
[23:04:06] [Server thread/INFO]: BadaDon69 has made the advancement [A Seedy Place]
[23:08:57] [Server thread/INFO]: harman9899 has made the advancement [Acquire Hardware]
[23:10:35] [Server thread/INFO]: harman9899 has made the advancement [Monster Hunter]
[23:12:40] [Server thread/INFO]: BadaDon69 was blown up by Creeper
[23:13:36] [Server thread/INFO]: Teleported BadaDon69 to 1171.500000, 30.000000, 894.500000
[23:13:54] [Server thread/WARN]: BadaDon69 moved too quickly! 1.011971355162359,-10.006562322799404,2.74768970787909
[23:14:16] [Server thread/INFO]: BadaDon69 was slain by Zombie
[23:14:27] [Server thread/INFO]: Teleported BadaDon69 to 1171.500000, 30.000000, 894.500000
[23:15:09] [Server thread/WARN]: Mismatch in destroy block pos: ji{x=1204, y=79, z=865} ji{x=1204, y=79, z=864}
[23:16:29] [Server thread/INFO]: Teleported BadaDon69 to 160.500000, 70.000000, 160.500000
[23:17:34] [Server thread/INFO]: Teleported Arun to 1171.500000, 30.000000, 894.500000
[23:17:59] [Server thread/INFO]: BadaDon69 has made the advancement [Fishy Business]
[23:18:24] [Server thread/INFO]: Incorrect argument for command
[23:18:24] [Server thread/INFO]: ...BadaDon69 160/tp Arun 160 68 160<--[HERE]
[23:18:42] [Server thread/INFO]: Teleported Arun to 160.500000, 68.000000, 160.500000
[23:21:15] [Server thread/INFO]: No entity was found
[23:21:26] [Server thread/INFO]: Teleported BadaDon69 to 160.500000, 70.000000, 160.500000
[23:22:19] [Server thread/INFO]: harman9899 lost connection: Timed out
[23:22:19] [Server thread/INFO]: harman9899 left the game
[23:22:25] [Server thread/INFO]: Arun lost connection: Disconnected
[23:22:25] [Server thread/INFO]: Arun left the game
[23:22:26] [Server thread/INFO]: BadaDon69 lost connection: Timed out
[23:22:26] [Server thread/INFO]: BadaDon69 left the game
[23:23:23] [Server thread/INFO]: Arun[/127.181.213.223:52905] logged in with entity id 47885 at (159.54637343766396, 59.0, 115.87656285120616)
[23:23:23] [Server thread/INFO]: Arun joined the game
[23:23:26] [Server thread/INFO]: harman9899[/127.111.7.39:52908] logged in with entity id 48134 at (183.94601214346403, 64.0, 171.07047107331934)
[23:23:26] [Server thread/INFO]: harman9899 joined the game
[23:23:31] [Server thread/INFO]: harman9899 (/127.111.7.39:52894) lost connection: Disconnected
[23:27:03] [Server thread/INFO]: Stopping the server
[23:27:03] [Server thread/INFO]: Stopping server
[23:27:03] [Server thread/INFO]: Saving players
[23:27:03] [Server thread/INFO]: Saving worlds
[23:27:04] [Server thread/INFO]: Saving chunks for level 'ServerLevel[world]'/minecraft:overworld
[23:27:04] [Server thread/INFO]: Saving chunks for level 'ServerLevel[world]'/minecraft:the_nether
[23:27:04] [Server thread/INFO]: Saving chunks for level 'ServerLevel[world]'/minecraft:the_end
[23:27:04] [Server thread/INFO]: ThreadedAnvilChunkStorage (world): All chunks are saved
[23:27:04] [Server thread/INFO]: ThreadedAnvilChunkStorage (DIM-1): All chunks are saved
[23:27:04] [Server thread/INFO]: ThreadedAnvilChunkStorage (DIM1): All chunks are saved
[23:27:04] [Server thread/INFO]: ThreadedAnvilChunkStorage: All dimensions are saved
[23:27:04] [Server thread/INFO]: Thread Query Listener stopped
